Missed: for UnityEngine.IMGUIModule.dll/UnityEngine/GUISkin
Missed: for UnityEngine.IMGUIModule.dll/UnityEngine/GUISkin
Missed: for UnityEngine.IMGUIModule.dll/UnityEngine/GUISkin
img read old[0]: {fileID: 0 (resources.assets), pathID: 14, m_Name: LiberationSans SDF Atlas, type: Texture2D}
img read old[-1]: {fileID: 0 (resources.assets), pathID: 14, m_Name: LiberationSans SDF Atlas, type: Texture2D}
img read old[8]: {fileID: 0 (resources.assets), pathID: 14, m_Name: LiberationSans SDF Atlas, type: Texture2D}
Missed: for Unity.TextMeshPro.dll/TMPro/TMP_FontAsset
Missed: for Unity.TextMeshPro.dll/TMPro/TMP_FontAsset
Missed: for Unity.TextMeshPro.dll/TMPro/TMP_FontAsset
Missed: for Unity.TextMeshPro.dll/TMPro/TMP_FontAsset
Missed: for Unity.TextMeshPro.dll/TMPro/TMP_FontAsset
Missed: for Unity.TextMeshPro.dll/TMPro/TMP_FontAsset
Missed: for Unity.TextMeshPro.dll/TMPro/TMP_FontAsset
Missed: for Unity.TextMeshPro.dll/TMPro/TMP_SpriteAsset
Missed: for Unity.TextMeshPro.dll/TMPro/TMP_SpriteAsset
Missed: for Unity.TextMeshPro.dll/TMPro/TMP_SpriteAsset
Missed: for Unity.TextMeshPro.dll/TMPro/TMP_StyleSheet
Missed: for Unity.TextMeshPro.dll/TMPro/TMP_StyleSheet
Missed: for Unity.TextMeshPro.dll/TMPro/TMP_StyleSheet
Missed: for Unity.TextMeshPro.dll/TMPro/TMP_Settings
Missed: for Unity.TextMeshPro.dll/TMPro/TMP_Settings
Missed: for Unity.TextMeshPro.dll/TMPro/TMP_Settings
Missed: for Unity.TextMeshPro.dll/TMPro/TextMeshProUGUI
Missed: for Unity.TextMeshPro.dll/TMPro/TextMeshProUGUI
Missed: for Unity.TextMeshPro.dll/TMPro/TextMeshProUGUI
Missed: for Unity.TextMeshPro.dll/TMPro/TextMeshProUGUI
Missed: for Unity.TextMeshPro.dll/TMPro/TextMeshProUGUI
Missed: for Unity.TextMeshPro.dll/TMPro/TextMeshProUGUI
Missed: for Unity.TextMeshPro.dll/TMPro/TextMeshProUGUI
Missed: for Unity.TextMeshPro.dll/TMPro/TextMeshProUGUI
Missed: for Unity.TextMeshPro.dll/TMPro/TextMeshProUGUI
Missed: for Unity.TextMeshPro.dll/TMPro/TMP_FontAsset
Missed: for Unity.TextMeshPro.dll/TMPro/TMP_FontAsset
Missed: for Unity.TextMeshPro.dll/TMPro/TMP_FontAsset
Missed: for Unity.TextMeshPro.dll/TMPro/TMP_FontAsset
Missed: for Unity.TextMeshPro.dll/TMPro/TMP_FontAsset
Missed: for Unity.TextMeshPro.dll/TMPro/TMP_FontAsset
Missed: for Unity.TextMeshPro.dll/TMPro/TMP_FontAsset
Missed: for Unity.TextMeshPro.dll/TMPro/TMP_SpriteAsset
Missed: for Unity.TextMeshPro.dll/TMPro/TMP_SpriteAsset
Missed: for Unity.TextMeshPro.dll/TMPro/TMP_SpriteAsset
Missed: for Unity.TextMeshPro.dll/TMPro/TMP_SpriteAsset
Missed: for Unity.TextMeshPro.dll/TMPro/TMP_SpriteAsset
Missed: for Unity.TextMeshPro.dll/TMPro/TMP_SpriteAsset
[129: PlayerSettings] string.size 1630430057 > 10_000_000 \macAppStoreCategory, buf.Position=360
129: PlayerSettings pathID: 1

Ba.Warning: pos: 360 != len: 648 for: {fileID: 0 (globalgamemanagers), pathID: 1, m_Name: , type: PlayerSettings}
Ba.Warning: pos: 44 != len: 48 for: {fileID: 0 (globalgamemanagers), pathID: 4, m_Name: , type: AudioManager}
Ba.Warning: pos: 232 != len: 260 for: {fileID: 0 (globalgamemanagers), pathID: 10, m_Name: , type: PhysicsManager}
[141: BuildSettings] string.size 2737347658 > 10_000_000 \m_Version, buf.Position=124
141: BuildSettings pathID: 11

Ba.Warning: pos: 124 != len: 36416 for: {fileID: 0 (globalgamemanagers), pathID: 11, m_Name: , type: BuildSettings}
Missed: for Unity.TextMeshPro.dll/TMPro/TextMeshProUGUI
Missed: for Unity.TextMeshPro.dll/TMPro/TextMeshProUGUI
Missed: for Unity.TextMeshPro.dll/TMPro/TextMeshProUGUI
Missed: for Unity.TextMeshPro.dll/TMPro/TextMeshProUGUI
Missed: for Unity.TextMeshPro.dll/TMPro/TextMeshProUGUI
Missed: for Unity.TextMeshPro.dll/TMPro/TextMeshProUGUI
Missed: for Unity.TextMeshPro.dll/TMPro/TextMeshProUGUI
Missed: for Unity.TextMeshPro.dll/TMPro/TextMeshProUGUI
Missed: for Unity.TextMeshPro.dll/TMPro/TextMeshProUGUI
Missed: for Unity.TextMeshPro.dll/TMPro/TextMeshProUGUI
Missed: for Unity.TextMeshPro.dll/TMPro/TextMeshProUGUI
Missed: for Unity.TextMeshPro.dll/TMPro/TextMeshProUGUI
Missed: for Unity.TextMeshPro.dll/TMPro/TextMeshProUGUI
Missed: for Unity.TextMeshPro.dll/TMPro/TextMeshProUGUI
Missed: for Unity.TextMeshPro.dll/TMPro/TextMeshProUGUI
Missed: for Unity.TextMeshPro.dll/TMPro/TextMeshProUGUI
Missed: for Unity.TextMeshPro.dll/TMPro/TextMeshProUGUI
Missed: for Unity.TextMeshPro.dll/TMPro/TextMeshProUGUI
Missed: for Unity.TextMeshPro.dll/TMPro/TextMeshProUGUI
Missed: for Unity.TextMeshPro.dll/TMPro/TextMeshProUGUI
Missed: for Unity.TextMeshPro.dll/TMPro/TextMeshProUGUI
Missed: for Unity.TextMeshPro.dll/TMPro/TextMeshProUGUI
Missed: for Unity.TextMeshPro.dll/TMPro/TextMeshProUGUI
Missed: for Unity.TextMeshPro.dll/TMPro/TextMeshProUGUI
Missed: for Unity.TextMeshPro.dll/TMPro/TextMeshProUGUI
Missed: for Unity.TextMeshPro.dll/TMPro/TextMeshProUGUI
Missed: for Unity.TextMeshPro.dll/TMPro/TextMeshProUGUI
Missed: for Unity.TextMeshPro.dll/TMPro/TextMeshProUGUI
Missed: for Unity.TextMeshPro.dll/TMPro/TextMeshProUGUI
Missed: for Unity.TextMeshPro.dll/TMPro/TextMeshProUGUI
Missed: for Unity.TextMeshPro.dll/TMPro/TextMeshProUGUI
Missed: for Unity.TextMeshPro.dll/TMPro/TextMeshProUGUI
Missed: for Unity.TextMeshPro.dll/TMPro/TextMeshProUGUI
Missed: for Unity.TextMeshPro.dll/TMPro/TextMeshProUGUI
Missed: for Unity.TextMeshPro.dll/TMPro/TextMeshProUGUI
Missed: for Unity.TextMeshPro.dll/TMPro/TextMeshProUGUI
Missed: for Unity.TextMeshPro.dll/TMPro/TextMeshProUGUI
Missed: for Unity.TextMeshPro.dll/TMPro/TextMeshProUGUI
Missed: for Unity.TextMeshPro.dll/TMPro/TextMeshProUGUI
Missed: for Unity.TextMeshPro.dll/TMPro/TextMeshProUGUI
Missed: for Unity.TextMeshPro.dll/TMPro/TextMeshProUGUI
Missed: for Unity.TextMeshPro.dll/TMPro/TextMeshProUGUI
Missed: for Unity.TextMeshPro.dll/TMPro/TextMeshProUGUI
Missed: for Unity.TextMeshPro.dll/TMPro/TextMeshProUGUI
Missed: for Unity.TextMeshPro.dll/TMPro/TextMeshProUGUI
Missed: for Unity.TextMeshPro.dll/TMPro/TextMeshProUGUI
Missed: for Unity.TextMeshPro.dll/TMPro/TextMeshProUGUI
Missed: for Unity.TextMeshPro.dll/TMPro/TextMeshProUGUI
Missed: for Unity.TextMeshPro.dll/TMPro/TextMeshProUGUI
Missed: for Unity.TextMeshPro.dll/TMPro/TextMeshProUGUI
Missed: for Unity.TextMeshPro.dll/TMPro/TextMeshProUGUI
Missed: for Unity.TextMeshPro.dll/TMPro/TextMeshProUGUI
Missed: for Unity.TextMeshPro.dll/TMPro/TextMeshProUGUI
Missed: for Unity.TextMeshPro.dll/TMPro/TextMeshProUGUI
Missed: for Unity.TextMeshPro.dll/TMPro/TextMeshProUGUI
Missed: for Unity.TextMeshPro.dll/TMPro/TextMeshProUGUI
Missed: for Unity.TextMeshPro.dll/TMPro/TextMeshProUGUI
Missed: for Unity.TextMeshPro.dll/TMPro/TextMeshProUGUI
Missed: for Unity.TextMeshPro.dll/TMPro/TextMeshProUGUI
Missed: for Unity.TextMeshPro.dll/TMPro/TextMeshProUGUI
Missed: for Unity.TextMeshPro.dll/TMPro/TextMeshProUGUI
Missed: for Unity.TextMeshPro.dll/TMPro/TextMeshProUGUI
Missed: for Unity.TextMeshPro.dll/TMPro/TextMeshProUGUI
Missed: for Unity.TextMeshPro.dll/TMPro/TextMeshProUGUI
Missed: for Unity.TextMeshPro.dll/TMPro/TextMeshProUGUI
Missed: for Unity.TextMeshPro.dll/TMPro/TextMeshProUGUI
Missed: for Unity.TextMeshPro.dll/TMPro/TextMeshProUGUI
Missed: for Unity.TextMeshPro.dll/TMPro/TextMeshProUGUI
Missed: for Unity.TextMeshPro.dll/TMPro/TextMeshProUGUI
Missed: for Unity.TextMeshPro.dll/TMPro/TextMeshProUGUI
Missed: for Unity.TextMeshPro.dll/TMPro/TextMeshProUGUI
Missed: for Unity.TextMeshPro.dll/TMPro/TextMeshProUGUI
Missed: for Unity.TextMeshPro.dll/TMPro/TextMeshProUGUI
Missed: for Unity.TextMeshPro.dll/TMPro/TextMeshProUGUI
Missed: for Unity.TextMeshPro.dll/TMPro/TextMeshProUGUI
Missed: for Unity.TextMeshPro.dll/TMPro/TextMeshProUGUI
Make Script DB
Make Scripts
Make plugins
Make binStreamingAssets
Write scrip db
IsContains_TextMeshPro
MakeUnityProject - end, dir: D:\Unity\FNF Music Story Rap Battle_v1.4
